

HI-TECH Software Macro Assembler (PIC18) V9.63PL3 build 4692 
                                                       Tue Jun 22 17:32:37 2010


     1                           
     2                           	; HI-TECH C PRO for the PIC18 MCU Family V9.63P
                                 L3
     3                           	; Copyright (C) 1984-2009 HI-TECH Software
     4                           
     5                           	; Auto-generated runtime startup code for final
                                  link stage.
     6                           
     7                           	;
     8                           	; Compiler options:
     9                           	;
    10                           	; -oblinky.cof -mblinky.map --summary=default -
                                 -output=default \
    11                           	; blinky.p1 --chip=18F4410 -P --runtime=default
                                  --opt=default \
    12                           	; -D__DEBUG=1 -g --asmlist --errformat=Error   
                                 [%n] %f; %l.%c %s \
    13                           	; --msgformat=Advisory[%n] %s --warnformat=Warn
                                 ing [%n] %f; %l.%c %s
    14                           	;
    15                           
    16                           
    17                           	GLOBAL	_main,start,_exit
    18                           	FNROOT	_main
    19                           
    20  000000                     	pic18cxx	equ	1
    21                           
    22                           	psect	config,class=CONFIG,delta=1
    23                           	psect	idloc,class=IDLOC,delta=1
    24                           	psect	eeprom_data,class=EEDATA,delta=1
    25                           	psect	const,class=CODE,delta=1,reloc=2
    26                           	psect	smallconst,class=SMALLCONST,delta=1,reloc
                                 =2
    27                           	psect	mediumconst,class=MEDIUMCONST,delta=1,rel
                                 oc=2
    28                           	psect	rbss,class=COMRAM,space=1
    29                           	psect	bss,class=RAM,space=1
    30                           	psect	rdata,class=COMRAM,space=1
    31                           	psect	irdata,class=CODE,space=0,reloc=2
    32                           	psect	bss,class=RAM,space=1
    33                           	psect	data,class=RAM,space=1
    34                           	psect	idata,class=CODE,space=0,reloc=2
    35                           	psect	nvram,class=NVRAM,space=1
    36                           	psect	nvrram,class=COMRAM,space=1
    37                           	psect	nvbit,class=COMRAM,bit,space=1
    38                           	psect	temp,ovrld,class=COMRAM,space=1
    39                           	psect	struct,ovrld,class=COMRAM,space=1
    40                           	psect	rbit,class=COMRAM,bit,space=1
    41                           	psect	bigbss,class=BIGRAM,space=1
    42                           	psect	bigdata,class=BIGRAM,space=1
    43                           	psect	ibigdata,class=CODE,space=0,reloc=2
    44                           	psect	farbss,class=FARRAM,space=0,reloc=2,delta
                                 =1
    45                           	psect	fardata,class=FARRAM,space=0,reloc=2,delt
                                 a=1
    46                           	psect	ifardata,class=CODE,space=0,reloc=2,delta
                                 =1
    47                           
    48                           	psect	reset_vec,class=CODE,delta=1,reloc=2
    49                           	psect	powerup,class=CODE,delta=1,reloc=2
    50                           	psect	intcode,class=CODE,delta=1,reloc=2
    51                           	psect	intcodelo,class=CODE,delta=1,reloc=2
    52                           	psect	intret,class=CODE,delta=1,reloc=2
    53                           	psect	intentry,class=CODE,delta=1,reloc=2
    54                           
    55                           	psect	intsave_regs,class=BIGRAM,space=1
    56                           	psect	init,class=CODE,delta=1,reloc=2
    57                           	psect	text,class=CODE,delta=1,reloc=2
    58                           GLOBAL	intlevel0,intlevel1,intlevel2
    59  00001E                     intlevel0:
    60  00001E                     intlevel1:
    61  00001E                     intlevel2:
    62                           GLOBAL	intlevel3
    63  00001E                     intlevel3:
    64                           	psect	end_init,class=CODE,delta=1,reloc=2
    65                           	psect	clrtext,class=CODE,delta=1,reloc=2
    66                           
    67                           
    68                           ; User config settings for word 1
    69                           ;
    70                           	psect config
    71  300000                     	org 0
    72  300000  32FF               	dw 0x32FF
    73                           
    74                           ; User config settings for word 2
    75                           ;
    76                           	psect config
    77  300002                     	org 2
    78  300002  FFE3               	dw 0xFFE3
    79                           
    80                           ; User config settings for word 3
    81                           ;
    82                           	psect config
    83  300004                     	org 4
    84  300004  F8FF               	dw 0xF8FF
    85                           
    86                           ; User config settings for word 4
    87                           ;
    88                           	psect config
    89  300006                     	org 6
    90  300006  FF3B               	dw 0xFF3B
    91                           
    92                           ; User config settings for word 5
    93                           ;
    94                           	psect config
    95  300008                     	org 8
    96  300008  FFFF               	dw 0xFFFF
    97                           
    98                           ; User config settings for word 6
    99                           ;
   100                           	psect config
   101  30000A                     	org 10
   102  30000A  FFFF               	dw 0xFFFF
   103                           
   104                           ; User config settings for word 7
   105                           ;
   106                           	psect config
   107  30000C                     	org 12
   108  30000C  FFFF               	dw 0xFFFF
   109                           	psect	rparam,class=COMRAM,space=1
   110                           	psect	param0,class=BANK0,space=1
   111                           	psect	param1,class=BANK1,space=1
   112                           	psect	param2,class=BANK2,space=1
   113  000000                     wreg	EQU	0FE8h
   114  000000                     fsr0l	EQU	0FE9h
   115  000000                     fsr0h	EQU	0FEAh
   116  000000                     fsr1l	EQU	0FE1h
   117  000000                     fsr1h	EQU	0FE2h
   118  000000                     fsr2l	EQU	0FD9h
   119  000000                     fsr2h	EQU	0FDAh
   120  000000                     postinc0	EQU	0FEEh
   121  000000                     postdec0	EQU	0FEDh
   122  000000                     postinc1	EQU	0FE6h
   123  000000                     postdec1	EQU	0FE5h
   124  000000                     postinc2	EQU	0FDEh
   125  000000                     postdec2	EQU	0FDDh
   126  000000                     tblptrl	EQU	0FF6h
   127  000000                     tblptrh	EQU	0FF7h
   128  000000                     tblptru	EQU	0FF8h
   129  000000                     tablat		EQU	0FF5h
   130                           
   131                           	GLOBAL __accesstop
   132  000000                     __accesstop EQU 128
   133                           	PSECT	ramtop,class=RAM
   134                           	GLOBAL	__S1			; top of RAM usage
   135                           	GLOBAL	__ramtop
   136                           	GLOBAL	__LRAM,__HRAM
   137  000300                     __ramtop:
   138                           
   139                           	PSECT	reset_vec
   140  000000                     reset_pos:
   141                           
   142                           	PSECT	init
   143  000000                     start:
   144  000000                     _exit:
   145                           ; fardata psect  - 0 bytes to load
   146                           
   147                           ; farbss psect  - 0 bytes to clear
   148                           
   149                           ; bigdata psect - 0 bytes to load
   150                           
   151  000000  EE00 F000          	lfsr	0,0
   152  000004  EE10 F001          	lfsr	1,1
   153  000008  EC08  F000         	call	clear_ram
   154                           	PSECT	end_init
   155  00000C  EFF4  F01F         	goto	_main		;go do the main stuff
   156                           ; Clear these memory locations
   157  000010                     clear_ram:
   158  000010  6AEE               	clrf	postinc0	;clear, increment FSR0
   159  000012  50E5               	movf	postdec1,w	;decrement loop variable
   160  000014  50E1               	movf	fsr1l,w
   161  000016  E1FC               	bnz	clear_ram
   162  000018  50E2               	movf	fsr1h,w
   163  00001A  E1FA               	bnz	clear_ram
   164  00001C  0012               	return


HI-TECH Software PICC-18 Macro Assembler V9.63PL3 build 4692 
Symbol Table                                           Tue Jun 22 17:32:37 2010

        __S1 0200         _main 3FE8         _exit 0000  
       fsr1h 000FE2         fsr1l 000FE1         start 0000  
      __HRAM 0000        __LRAM 0001   __accesstop 000080  
    __ramtop 0300      postdec1 000FE5      postinc0 000FEE  
   clear_ram 0010     intlevel0 001E     intlevel1 001E  
   intlevel2 001E     intlevel3 001E     reset_pos 0000  
